
(unity-panel-service:1419): Indicator-Appmenu-CRITICAL **: menus_destroyed: assertion 'IS_WINDOW_MENU(wm)' failed

(unity-panel-service:1439): Indicator-Appmenu-CRITICAL **: window_menu_model_new: assertion 'BAMF_IS_APPLICATION(app)' failed

(unity-panel-service:1439): Indicator-Appmenu-CRITICAL **: track_menus: assertion 'IS_WINDOW_MENU(menus)' failed

(unity-panel-service:1439): Indicator-Appmenu-CRITICAL **: window_menu_model_new: assertion 'BAMF_IS_APPLICATION(app)' failed

(unity-panel-service:1439): Indicator-Appmenu-CRITICAL **: track_menus: assertion 'IS_WINDOW_MENU(menus)' failed

(unity-panel-service:1439): Indicator-Appmenu-CRITICAL **: window_menu_model_new: assertion 'BAMF_IS_APPLICATION(app)' failed

(unity-panel-service:1439): Indicator-Appmenu-CRITICAL **: track_menus: assertion 'IS_WINDOW_MENU(menus)' failed

(unity-panel-service:1439): Indicator-Appmenu-CRITICAL **: window_menu_model_new: assertion 'BAMF_IS_APPLICATION(app)' failed

(unity-panel-service:1439): Indicator-Appmenu-CRITICAL **: track_menus: assertion 'IS_WINDOW_MENU(menus)' failed

(unity-panel-service:1439): Indicator-Appmenu-WARNING **: Already have a menu for window ID 56623142 with path /com/canonical/menu/3600026 from :1.68, unregistering that one

(unity-panel-service:1439): Indicator-Appmenu-CRITICAL **: window_menu_model_new: assertion 'BAMF_IS_APPLICATION(app)' failed

(unity-panel-service:1439): Indicator-Appmenu-CRITICAL **: track_menus: assertion 'IS_WINDOW_MENU(menus)' failed

(unity-panel-service:1439): Indicator-Appmenu-CRITICAL **: menus_destroyed: assertion 'IS_WINDOW_MENU(wm)' failed

(unity-panel-service:1439): Indicator-Appmenu-CRITICAL **: window_menu_model_new: assertion 'BAMF_IS_APPLICATION(app)' failed

(unity-panel-service:1439): Indicator-Appmenu-CRITICAL **: track_menus: assertion 'IS_WINDOW_MENU(menus)' failed

(unity-panel-service:1439): Indicator-Appmenu-CRITICAL **: window_menu_model_new: assertion 'BAMF_IS_APPLICATION(app)' failed

(unity-panel-service:1439): Indicator-Appmenu-CRITICAL **: track_menus: assertion 'IS_WINDOW_MENU(menus)' failed

(unity-panel-service:1439): Indicator-Appmenu-CRITICAL **: window_menu_model_new: assertion 'BAMF_IS_APPLICATION(app)' failed

(unity-panel-service:1439): Indicator-Appmenu-CRITICAL **: track_menus: assertion 'IS_WINDOW_MENU(menus)' failed

(unity-panel-service:1439): Indicator-Appmenu-CRITICAL **: window_menu_model_new: assertion 'BAMF_IS_APPLICATION(app)' failed

(unity-panel-service:1439): Indicator-Appmenu-CRITICAL **: track_menus: assertion 'IS_WINDOW_MENU(menus)' failed

(unity-panel-service:1439): Indicator-Appmenu-CRITICAL **: menus_destroyed: assertion 'IS_WINDOW_MENU(wm)' failed

(unity-panel-service:1439): LIBDBUSMENU-GTK-WARNING **: The child-display variable is set to '(null)' but there's a menu, odd?

(unity-panel-service:1439): LIBDBUSMENU-GTK-WARNING **: The child-display variable is set to '(null)' but there's a menu, odd?

(unity-panel-service:1439): Indicator-Appmenu-WARNING **: Already have a menu for window ID 67108865 with path /com/canonical/menu/4000001 from :1.119, unregistering that one

(unity-panel-service:1439): Indicator-Appmenu-CRITICAL **: menus_destroyed: assertion 'IS_WINDOW_MENU(wm)' failed

(unity-panel-service:1439): Indicator-Appmenu-CRITICAL **: menus_destroyed: assertion 'IS_WINDOW_MENU(wm)' failed

(unity-panel-service:1439): Indicator-Appmenu-WARNING **: Already have a menu for window ID 67108865 with path /com/canonical/menu/4000001 from :1.124, unregistering that one

(unity-panel-service:1439): Indicator-Appmenu-CRITICAL **: menus_destroyed: assertion 'IS_WINDOW_MENU(wm)' failed

(unity-panel-service:1439): Indicator-Appmenu-CRITICAL **: menus_destroyed: assertion 'IS_WINDOW_MENU(wm)' failed

(unity-panel-service:1439): Indicator-Appmenu-CRITICAL **: menus_destroyed: assertion 'IS_WINDOW_MENU(wm)' failed

(unity-panel-service:1439): Indicator-Appmenu-CRITICAL **: menus_destroyed: assertion 'IS_WINDOW_MENU(wm)' failed

(unity-panel-service:1439): LIBDBUSMENU-GTK-WARNING **: The child-display variable is set to '(null)' but there's a menu, odd?

(unity-panel-service:1439): LIBDBUSMENU-GTK-WARNING **: The child-display variable is set to '(null)' but there's a menu, odd?

(unity-panel-service:1439): Indicator-Appmenu-WARNING **: Already have a menu for window ID 67108865 with path /com/canonical/menu/4000001 from :1.128, unregistering that one

(unity-panel-service:1439): Indicator-Appmenu-CRITICAL **: menus_destroyed: assertion 'IS_WINDOW_MENU(wm)' failed

(unity-panel-service:1439): Indicator-Appmenu-CRITICAL **: menus_destroyed: assertion 'IS_WINDOW_MENU(wm)' failed

(unity-panel-service:1439): Indicator-Appmenu-WARNING **: Already have a menu for window ID 67108865 with path /com/canonical/menu/4000001 from :1.131, unregistering that one

(unity-panel-service:1439): LIBDBUSMENU-GTK-WARNING **: The child-display variable is set to '(null)' but there's a menu, odd?

(unity-panel-service:1439): LIBDBUSMENU-GTK-WARNING **: The child-display variable is set to '(null)' but there's a menu, odd?

(unity-panel-service:1439): Indicator-Appmenu-CRITICAL **: menus_destroyed: assertion 'IS_WINDOW_MENU(wm)' failed

(unity-panel-service:1439): Indicator-Appmenu-CRITICAL **: menus_destroyed: assertion 'IS_WINDOW_MENU(wm)' failed

(unity-panel-service:1439): Indicator-Appmenu-WARNING **: Already have a menu for window ID 67108865 with path /com/canonical/menu/4000001 from :1.134, unregistering that one

(unity-panel-service:1439): LIBDBUSMENU-GTK-WARNING **: The child-display variable is set to '(null)' but there's a menu, odd?

(unity-panel-service:1439): LIBDBUSMENU-GTK-WARNING **: The child-display variable is set to '(null)' but there's a menu, odd?

(unity-panel-service:1439): Indicator-Appmenu-CRITICAL **: menus_destroyed: assertion 'IS_WINDOW_MENU(wm)' failed

(unity-panel-service:1439): Indicator-Appmenu-CRITICAL **: menus_destroyed: assertion 'IS_WINDOW_MENU(wm)' failed

(unity-panel-service:1439): Indicator-Appmenu-WARNING **: Already have a menu for window ID 67108865 with path /com/canonical/menu/4000001 from :1.139, unregistering that one

(unity-panel-service:1439): Indicator-Appmenu-CRITICAL **: menus_destroyed: assertion 'IS_WINDOW_MENU(wm)' failed

(unity-panel-service:1439): Indicator-Appmenu-CRITICAL **: menus_destroyed: assertion 'IS_WINDOW_MENU(wm)' failed

(unity-panel-service:1439): LIBDBUSMENU-GTK-WARNING **: The child-display variable is set to '(null)' but there's a menu, odd?

(unity-panel-service:1439): LIBDBUSMENU-GTK-WARNING **: The child-display variable is set to '(null)' but there's a menu, odd?

(unity-panel-service:1439): Indicator-Appmenu-WARNING **: Already have a menu for window ID 67108865 with path /com/canonical/menu/4000001 from :1.142, unregistering that one

(unity-panel-service:1439): Indicator-Appmenu-CRITICAL **: menus_destroyed: assertion 'IS_WINDOW_MENU(wm)' failed

(unity-panel-service:1439): Indicator-Appmenu-CRITICAL **: menus_destroyed: assertion 'IS_WINDOW_MENU(wm)' failed

(unity-panel-service:1439): LIBDBUSMENU-GTK-WARNING **: The child-display variable is set to '(null)' but there's a menu, odd?

(unity-panel-service:1439): LIBDBUSMENU-GTK-WARNING **: The child-display variable is set to '(null)' but there's a menu, odd?

(unity-panel-service:1439): Indicator-Appmenu-WARNING **: Already have a menu for window ID 67108865 with path /com/canonical/menu/4000001 from :1.149, unregistering that one

(unity-panel-service:1439): Indicator-Appmenu-CRITICAL **: menus_destroyed: assertion 'IS_WINDOW_MENU(wm)' failed

(unity-panel-service:1439): Indicator-Appmenu-CRITICAL **: menus_destroyed: assertion 'IS_WINDOW_MENU(wm)' failed
