[2017-04-02 22:32:46] requirements_debian_update_system
requirements_debian_update_system () 
{ 
    __rvm_try_sudo apt-get --quiet --yes update || { 
        \typeset __ret=$?;
        case ${__ret} in 
            100)
                rvm_error "There has been error while updating 'apt-get', please give it some time and try again later.
404 errors should be fixed for rvm to proceed. Check your sources configured in:
    /etc/apt/sources.list
    /etc/apt/sources.list.d/*.list
"
            ;;
        esac;
        return ${__ret}
    }
}
current path: /home/testingboxadmin
PATH=/home/testingboxadmin/bin:/home/testingboxadmin/.local/bin:/home/testingboxadmin/bin:/home/testingboxadmin/.local/bin:/usr/local/sbin:/usr/local/bin:/usr/sbin:/usr/bin:/sbin:/bin:/usr/games:/usr/local/games:/snap/bin:/snap/bin:/home/testingboxadmin/.rvm/bin:/home/testingboxadmin/.rvm/bin
command(2): requirements_debian_update_system ruby-2.4.1
++ __rvm_try_sudo apt-get --quiet --yes update
++ typeset -a command_to_run
++ typeset sudo_path sbin_path missing_paths
++ command_to_run=("$@")
++ ((  UID == 0  ))
++ case "$rvm_autolibs_flag_number" in
++ is_a_function __rvm_sudo
++ typeset -f __rvm_sudo
++ missing_paths=
++ for sbin_path in /sbin /usr/sbin /usr/local/sbin
++ [[ -d /sbin ]]
++ [[ :/home/testingboxadmin/bin:/home/testingboxadmin/.local/bin:/home/testingboxadmin/bin:/home/testingboxadmin/.local/bin:/usr/local/sbin:/usr/local/bin:/usr/sbin:/usr/bin:/sbin:/bin:/usr/games:/usr/local/games:/snap/bin:/snap/bin:/home/testingboxadmin/.rvm/bin:/home/testingboxadmin/.rvm/bin: != *\:\/\s\b\i\n\:* ]]
++ for sbin_path in /sbin /usr/sbin /usr/local/sbin
++ [[ -d /usr/sbin ]]
++ [[ :/home/testingboxadmin/bin:/home/testingboxadmin/.local/bin:/home/testingboxadmin/bin:/home/testingboxadmin/.local/bin:/usr/local/sbin:/usr/local/bin:/usr/sbin:/usr/bin:/sbin:/bin:/usr/games:/usr/local/games:/snap/bin:/snap/bin:/home/testingboxadmin/.rvm/bin:/home/testingboxadmin/.rvm/bin: != *\:\/\u\s\r\/\s\b\i\n\:* ]]
++ for sbin_path in /sbin /usr/sbin /usr/local/sbin
++ [[ -d /usr/local/sbin ]]
++ [[ :/home/testingboxadmin/bin:/home/testingboxadmin/.local/bin:/home/testingboxadmin/bin:/home/testingboxadmin/.local/bin:/usr/local/sbin:/usr/local/bin:/usr/sbin:/usr/bin:/sbin:/bin:/usr/games:/usr/local/games:/snap/bin:/snap/bin:/home/testingboxadmin/.rvm/bin:/home/testingboxadmin/.rvm/bin: != *\:\/\u\s\r\/\l\o\c\a\l\/\s\b\i\n\:* ]]
++ [[ -n '' ]]
++ command_to_run=(__rvm_sudo -p "%p password required for '$*': " "${command_to_run[@]}")
++ __rvm_sudo -p '%p password required for '\''apt-get --quiet --yes update'\'': ' apt-get --quiet --yes update
++ command sudo -p '%p password required for '\''apt-get --quiet --yes update'\'': ' apt-get --quiet --yes update
++ sudo -p '%p password required for '\''apt-get --quiet --yes update'\'': ' apt-get --quiet --yes update
Get:1 http://security.ubuntu.com/ubuntu xenial-security InRelease [102 kB]
Get:2 http://security.ubuntu.com/ubuntu xenial-security/main amd64 DEP-11 Metadata [54,2 kB]
Get:3 http://security.ubuntu.com/ubuntu xenial-security/main DEP-11 64x64 Icons [46,9 kB]
Get:4 http://security.ubuntu.com/ubuntu xenial-security/universe amd64 DEP-11 Metadata [32,2 kB]
Get:5 http://security.ubuntu.com/ubuntu xenial-security/universe DEP-11 64x64 Icons [37,0 kB]
Hit:6 http://pt.archive.ubuntu.com/ubuntu xenial InRelease
Hit:7 http://pt.archive.ubuntu.com/ubuntu xenial-updates InRelease
Hit:8 http://pt.archive.ubuntu.com/ubuntu xenial-backports InRelease
Fetched 272 kB in 5s (51,0 kB/s)
Reading package lists...
